*design* DebussyLib (btIdent Verdi_O-2018.09-SP2)
Command arguments:
    +define+verilog
    /home/wwh/github/uvm_axil/dut/axil_ram.v
    /home/wwh/github/uvm_axil/tb/axil_agt.sv
    /home/wwh/github/uvm_axil/tb/axil_base_test.sv
    /home/wwh/github/uvm_axil/tb/axil_drv.sv
    /home/wwh/github/uvm_axil/tb/axil_env.sv
    /home/wwh/github/uvm_axil/tb/axil_if.sv
    /home/wwh/github/uvm_axil/tb/axil_mon.sv
    /home/wwh/github/uvm_axil/tb/axil_ref.sv
    /home/wwh/github/uvm_axil/tb/axil_scb.sv
    /home/wwh/github/uvm_axil/tb/axil_seqr.sv
    /home/wwh/github/uvm_axil/tb/axil_smoke_seq.sv
    /home/wwh/github/uvm_axil/tb/axil_tr.sv
    /home/wwh/github/uvm_axil/tb/smoke_test.sv
    /home/wwh/github/uvm_axil/tb/top_tb.sv
    -sv


*Warning* failed to find the class 'uvm_agent'.
"/home/wwh/github/uvm_axil/tb/axil_agt.sv", 5: 

*Error* macro `uvm_component_utils not defined
"/home/wwh/github/uvm_axil/tb/axil_agt.sv", 6: 

*Error* Syntax error at mon
"/home/wwh/github/uvm_axil/tb/axil_agt.sv", 8: 

*Error* Syntax error at drv
"/home/wwh/github/uvm_axil/tb/axil_agt.sv", 9: 

*Error* Syntax error at seqr
"/home/wwh/github/uvm_axil/tb/axil_agt.sv", 10: 

*Error* Syntax error at #
"/home/wwh/github/uvm_axil/tb/axil_agt.sv", 12: 

*Error* Syntax error at parent
"/home/wwh/github/uvm_axil/tb/axil_agt.sv", 14: 

*Error* Syntax error at phase
"/home/wwh/github/uvm_axil/tb/axil_agt.sv", 19: 

*Error* Syntax error at phase
"/home/wwh/github/uvm_axil/tb/axil_agt.sv", 20: 

*Error* Syntax error at phase
"/home/wwh/github/uvm_axil/tb/axil_agt.sv", 24: 

*Error* Syntax error at super
"/home/wwh/github/uvm_axil/tb/axil_agt.sv", 25: 

*Error* Syntax error at phase
"/home/wwh/github/uvm_axil/tb/axil_agt.sv", 35: 

*Error* Syntax error at super
"/home/wwh/github/uvm_axil/tb/axil_agt.sv", 36: 

*Error* macro `uvm_info not defined
"/home/wwh/github/uvm_axil/tb/axil_agt.sv", 38: 

*Error* Syntax error at ,
"/home/wwh/github/uvm_axil/tb/axil_agt.sv", 38: 

*Warning* failed to find the class 'uvm_test'.
"/home/wwh/github/uvm_axil/tb/axil_base_test.sv", 4: 

*Error* macro `uvm_component_utils not defined
"/home/wwh/github/uvm_axil/tb/axil_base_test.sv", 5: 

*Error* Syntax error at env
"/home/wwh/github/uvm_axil/tb/axil_base_test.sv", 7: 

*Error* Syntax error at parent
"/home/wwh/github/uvm_axil/tb/axil_base_test.sv", 9: 

*Error* Syntax error at phase
"/home/wwh/github/uvm_axil/tb/axil_base_test.sv", 13: 

*Error* Syntax error at phase
"/home/wwh/github/uvm_axil/tb/axil_base_test.sv", 14: 

*Error* Syntax error at phase
"/home/wwh/github/uvm_axil/tb/axil_base_test.sv", 17: 

*Error* Syntax error at super
"/home/wwh/github/uvm_axil/tb/axil_base_test.sv", 18: 

*Error* Syntax error at phase
"/home/wwh/github/uvm_axil/tb/axil_base_test.sv", 23: 

*Error* Syntax error at server
"/home/wwh/github/uvm_axil/tb/axil_base_test.sv", 24: 

*Error* Syntax error at super
"/home/wwh/github/uvm_axil/tb/axil_base_test.sv", 26: 

*Warning* failed to find the class 'uvm_driver'.
"/home/wwh/github/uvm_axil/tb/axil_drv.sv", 4: 

*Warning* 'uvm_driver' is not a parameter type.
"/home/wwh/github/uvm_axil/tb/axil_drv.sv", 4: 

*Error* macro `uvm_component_utils not defined
"/home/wwh/github/uvm_axil/tb/axil_drv.sv", 5: 

*Error* Syntax error at parent
"/home/wwh/github/uvm_axil/tb/axil_drv.sv", 9: 

*Error* macro `uvm_info not defined
"/home/wwh/github/uvm_axil/tb/axil_drv.sv", 11: 

*Error* Syntax error at phase
"/home/wwh/github/uvm_axil/tb/axil_drv.sv", 14: 

*Error* Syntax error at phase
"/home/wwh/github/uvm_axil/tb/axil_drv.sv", 15: 

*Error* Syntax error at tr
"/home/wwh/github/uvm_axil/tb/axil_drv.sv", 16: 

*Error* Syntax error at phase
"/home/wwh/github/uvm_axil/tb/axil_drv.sv", 21: 

*Error* macro `uvm_fatal not defined
"/home/wwh/github/uvm_axil/tb/axil_drv.sv", 24: 

*Error* Syntax error at else
"/home/wwh/github/uvm_axil/tb/axil_drv.sv", 25: 

*Error* macro `uvm_info not defined
"/home/wwh/github/uvm_axil/tb/axil_drv.sv", 26: 

*Error* Syntax error at )
"/home/wwh/github/uvm_axil/tb/axil_drv.sv", 26: 

*Error* Syntax error at tr
"/home/wwh/github/uvm_axil/tb/axil_drv.sv", 43: 

*Error* Syntax error at phase
"/home/wwh/github/uvm_axil/tb/axil_drv.sv", 92: 

*Error* Syntax error at tr
"/home/wwh/github/uvm_axil/tb/axil_drv.sv", 93: 

*Error* macro `uvm_info not defined
"/home/wwh/github/uvm_axil/tb/axil_drv.sv", 94: 

*Error* Syntax error at ,
"/home/wwh/github/uvm_axil/tb/axil_drv.sv", 94: 

*Error* macro `uvm_info not defined
"/home/wwh/github/uvm_axil/tb/axil_drv.sv", 105: 

*Error* Syntax error at ,
"/home/wwh/github/uvm_axil/tb/axil_drv.sv", 105: 

*Error* macro `uvm_info not defined
"/home/wwh/github/uvm_axil/tb/axil_drv.sv", 108: 

*Error* Syntax error at ,
"/home/wwh/github/uvm_axil/tb/axil_drv.sv", 108: 

*Warning* failed to find the class 'uvm_env'.
"/home/wwh/github/uvm_axil/tb/axil_env.sv", 4: 

*Error* macro `uvm_component_utils not defined
"/home/wwh/github/uvm_axil/tb/axil_env.sv", 5: 

*Error* Syntax error at mdl
"/home/wwh/github/uvm_axil/tb/axil_env.sv", 9: 

*Error* Syntax error at scb
"/home/wwh/github/uvm_axil/tb/axil_env.sv", 10: 

*Error* Syntax error at #
"/home/wwh/github/uvm_axil/tb/axil_env.sv", 12: 

*Warning* symbol uvm_tlm_analysis_fifo duplicated
"/home/wwh/github/uvm_axil/tb/axil_env.sv", 13: 

*Error* Syntax error at #
"/home/wwh/github/uvm_axil/tb/axil_env.sv", 13: 

*Warning* symbol uvm_tlm_analysis_fifo duplicated
"/home/wwh/github/uvm_axil/tb/axil_env.sv", 14: 

*Error* Syntax error at #
"/home/wwh/github/uvm_axil/tb/axil_env.sv", 14: 

*Error* Syntax error at parent
"/home/wwh/github/uvm_axil/tb/axil_env.sv", 16: 

*Error* Syntax error at phase
"/home/wwh/github/uvm_axil/tb/axil_env.sv", 23: 

*Error* Syntax error at super
"/home/wwh/github/uvm_axil/tb/axil_env.sv", 24: 

*Error* Syntax error at phase
"/home/wwh/github/uvm_axil/tb/axil_env.sv", 36: 

*Error* Syntax error at phase
"/home/wwh/github/uvm_axil/tb/axil_env.sv", 40: 

*Error* Syntax error at super
"/home/wwh/github/uvm_axil/tb/axil_env.sv", 41: 

*Warning* failed to find the class 'uvm_monitor'.
"/home/wwh/github/uvm_axil/tb/axil_mon.sv", 4: 

*Error* Syntax error at #
"/home/wwh/github/uvm_axil/tb/axil_mon.sv", 9: 

*Error* macro `uvm_component_utils not defined
"/home/wwh/github/uvm_axil/tb/axil_mon.sv", 11: 

*Error* Syntax error at parent
"/home/wwh/github/uvm_axil/tb/axil_mon.sv", 13: 

*Error* Syntax error at phase
"/home/wwh/github/uvm_axil/tb/axil_mon.sv", 18: 

*Error* Syntax error at phase
"/home/wwh/github/uvm_axil/tb/axil_mon.sv", 19: 

*Error* Syntax error at phase
"/home/wwh/github/uvm_axil/tb/axil_mon.sv", 26: 

*Error* Syntax error at phase
"/home/wwh/github/uvm_axil/tb/axil_mon.sv", 36: 

*Error* Syntax error at super
"/home/wwh/github/uvm_axil/tb/axil_mon.sv", 37: 

*Error* macro `uvm_fatal not defined
"/home/wwh/github/uvm_axil/tb/axil_mon.sv", 39: 

*Error* Syntax error at else
"/home/wwh/github/uvm_axil/tb/axil_mon.sv", 40: 

*Error* macro `uvm_info not defined
"/home/wwh/github/uvm_axil/tb/axil_mon.sv", 41: 

*Error* Syntax error at )
"/home/wwh/github/uvm_axil/tb/axil_mon.sv", 41: 

*Error* macro `uvm_info not defined
"/home/wwh/github/uvm_axil/tb/axil_mon.sv", 46: 

*Error* Syntax error at "Reset released, starting monitoring"
"/home/wwh/github/uvm_axil/tb/axil_mon.sv", 46: 

*Error* Syntax error at endtask
"/home/wwh/github/uvm_axil/tb/axil_mon.sv", 47: 

*Error* Syntax error at rd_tr
"/home/wwh/github/uvm_axil/tb/axil_mon.sv", 50: 

*Error* macro `uvm_info not defined
"/home/wwh/github/uvm_axil/tb/axil_mon.sv", 106: 

*Error* Syntax error at ,
"/home/wwh/github/uvm_axil/tb/axil_mon.sv", 107: 

*Error* Syntax error at )
"/home/wwh/github/uvm_axil/tb/axil_mon.sv", 108: 

*Error* Syntax error at rd_tr
"/home/wwh/github/uvm_axil/tb/axil_mon.sv", 122: 

*Error* macro `uvm_info not defined
"/home/wwh/github/uvm_axil/tb/axil_mon.sv", 158: 

*Error* Syntax error at ,
"/home/wwh/github/uvm_axil/tb/axil_mon.sv", 159: 

*Error* Syntax error at )
"/home/wwh/github/uvm_axil/tb/axil_mon.sv", 160: 

*Warning* failed to find the class 'uvm_component'.
"/home/wwh/github/uvm_axil/tb/axil_ref.sv", 7: 

*Error* macro `uvm_component_utils not defined
"/home/wwh/github/uvm_axil/tb/axil_ref.sv", 13: 

*Error* Syntax error at #
"/home/wwh/github/uvm_axil/tb/axil_ref.sv", 16: 

*Error* Syntax error at #
"/home/wwh/github/uvm_axil/tb/axil_ref.sv", 17: 

*Error* Syntax error at last_write_resp
"/home/wwh/github/uvm_axil/tb/axil_ref.sv", 21: 

*Warning* symbol axil_resp duplicated
"/home/wwh/github/uvm_axil/tb/axil_ref.sv", 22: 

*Error* Syntax error at last_read_resp
"/home/wwh/github/uvm_axil/tb/axil_ref.sv", 22: 

*Error* Syntax error at parent
"/home/wwh/github/uvm_axil/tb/axil_ref.sv", 24: 

*Error* Syntax error at phase
"/home/wwh/github/uvm_axil/tb/axil_ref.sv", 31: 

*Error* Syntax error at tr
"/home/wwh/github/uvm_axil/tb/axil_ref.sv", 32: 

*Error* macro `uvm_warning not defined
"/home/wwh/github/uvm_axil/tb/axil_ref.sv", 63: 

*Error* macro `uvm_info not defined
"/home/wwh/github/uvm_axil/tb/axil_ref.sv", 77: 

*Error* Syntax error at )
"/home/wwh/github/uvm_axil/tb/axil_ref.sv", 78: 

*Error* macro `uvm_warning not defined
"/home/wwh/github/uvm_axil/tb/axil_ref.sv", 89: 

*Error* macro `uvm_info not defined
"/home/wwh/github/uvm_axil/tb/axil_ref.sv", 108: 

*Error* Syntax error at )
"/home/wwh/github/uvm_axil/tb/axil_ref.sv", 108: 

*Warning* failed to find the class 'uvm_scoreboard'.
"/home/wwh/github/uvm_axil/tb/axil_scb.sv", 4: 

*Error* Syntax error at exp_q
"/home/wwh/github/uvm_axil/tb/axil_scb.sv", 6: 

*Error* Syntax error at #
"/home/wwh/github/uvm_axil/tb/axil_scb.sv", 9: 

*Warning* symbol uvm_blocking_get_port duplicated
"/home/wwh/github/uvm_axil/tb/axil_scb.sv", 10: 

*Error* Syntax error at #
"/home/wwh/github/uvm_axil/tb/axil_scb.sv", 10: 

*Error* macro `uvm_component_utils not defined
"/home/wwh/github/uvm_axil/tb/axil_scb.sv", 12: 

*Error* Syntax error at parent
"/home/wwh/github/uvm_axil/tb/axil_scb.sv", 14: 

*Error* Syntax error at phase
"/home/wwh/github/uvm_axil/tb/axil_scb.sv", 15: 

*Error* Syntax error at phase
"/home/wwh/github/uvm_axil/tb/axil_scb.sv", 16: 

*Error* Syntax error at parent
"/home/wwh/github/uvm_axil/tb/axil_scb.sv", 20: 

*Error* Syntax error at phase
"/home/wwh/github/uvm_axil/tb/axil_scb.sv", 26: 

*Error* Syntax error at super
"/home/wwh/github/uvm_axil/tb/axil_scb.sv", 27: 

*Error* Syntax error at phase
"/home/wwh/github/uvm_axil/tb/axil_scb.sv", 30: 

*Error* Syntax error at exp_tr
"/home/wwh/github/uvm_axil/tb/axil_scb.sv", 31: 

*Error* Syntax error at super
"/home/wwh/github/uvm_axil/tb/axil_scb.sv", 34: 

*Error* macro `uvm_info not defined
"/home/wwh/github/uvm_axil/tb/axil_scb.sv", 47: 

*Error* macro `uvm_error not defined
"/home/wwh/github/uvm_axil/tb/axil_scb.sv", 50: 

*Error* macro `uvm_error not defined
"/home/wwh/github/uvm_axil/tb/axil_scb.sv", 58: 

*Warning* failed to find the class 'uvm_sequencer'.
"/home/wwh/github/uvm_axil/tb/axil_seqr.sv", 4: 

*Warning* 'uvm_sequencer' is not a parameter type.
"/home/wwh/github/uvm_axil/tb/axil_seqr.sv", 4: 

*Error* Syntax error at parent
"/home/wwh/github/uvm_axil/tb/axil_seqr.sv", 6: 

*Error* macro `uvm_component_utils not defined
"/home/wwh/github/uvm_axil/tb/axil_seqr.sv", 10: 

*Warning* failed to find the class 'uvm_sequence'.
"/home/wwh/github/uvm_axil/tb/axil_smoke_seq.sv", 4: 

*Warning* 'uvm_sequence' is not a parameter type.
"/home/wwh/github/uvm_axil/tb/axil_smoke_seq.sv", 4: 

*Error* macro `uvm_object_utils not defined
"/home/wwh/github/uvm_axil/tb/axil_smoke_seq.sv", 5: 

*Error* Syntax error at tr
"/home/wwh/github/uvm_axil/tb/axil_smoke_seq.sv", 7: 

*Error* macro `uvm_info not defined
"/home/wwh/github/uvm_axil/tb/axil_smoke_seq.sv", 23: 

*Error* Syntax error at ,
"/home/wwh/github/uvm_axil/tb/axil_smoke_seq.sv", 23: 

*Error* macro `uvm_info not defined
"/home/wwh/github/uvm_axil/tb/axil_smoke_seq.sv", 34: 

*Error* Syntax error at ,
"/home/wwh/github/uvm_axil/tb/axil_smoke_seq.sv", 34: 

*Error* `include file "uvm_macros.svh" cannot be read
"/home/wwh/github/uvm_axil/tb/axil_tr.sv", 5: 

*Error* failed to find the package 'uvm_pkg'.
"/home/wwh/github/uvm_axil/tb/axil_tr.sv", 4: 

*Warning* failed to find the class 'uvm_sequence_item'.
"/home/wwh/github/uvm_axil/tb/axil_tr.sv", 13: 

*Error* macro `uvm_object_param_utils_begin not defined
"/home/wwh/github/uvm_axil/tb/axil_tr.sv", 21: 

*Error* macro `uvm_field_enum not defined
"/home/wwh/github/uvm_axil/tb/axil_tr.sv", 22: 

*Error* macro `uvm_field_enum not defined
"/home/wwh/github/uvm_axil/tb/axil_tr.sv", 23: 

*Error* macro `uvm_field_int not defined
"/home/wwh/github/uvm_axil/tb/axil_tr.sv", 24: 

*Error* macro `uvm_field_int not defined
"/home/wwh/github/uvm_axil/tb/axil_tr.sv", 25: 

*Error* macro `uvm_field_int not defined
"/home/wwh/github/uvm_axil/tb/axil_tr.sv", 26: 

*Error* macro `uvm_object_utils_end not defined
"/home/wwh/github/uvm_axil/tb/axil_tr.sv", 27: 

*Error* Syntax error at rhs
"/home/wwh/github/uvm_axil/tb/axil_tr.sv", 56: 

*Error* macro `uvm_fatal not defined
"/home/wwh/github/uvm_axil/tb/axil_tr.sv", 59: 

*Error* macro `uvm_component_utils not defined
"/home/wwh/github/uvm_axil/tb/smoke_test.sv", 5: 

*Error* Syntax error at parent
"/home/wwh/github/uvm_axil/tb/smoke_test.sv", 7: 

*Error* Syntax error at phase
"/home/wwh/github/uvm_axil/tb/smoke_test.sv", 11: 

*Error* macro `uvm_fatal not defined
"/home/wwh/github/uvm_axil/tb/smoke_test.sv", 15: 

*Error* Syntax error at phase
"/home/wwh/github/uvm_axil/tb/smoke_test.sv", 27: 

*Error* macro `uvm_info not defined
"/home/wwh/github/uvm_axil/tb/smoke_test.sv", 29: 

*Error* Syntax error at "Default smoke_seq will start automatically"
"/home/wwh/github/uvm_axil/tb/smoke_test.sv", 29: 

*Error* `include file "uvm_macros.svh" cannot be read
"/home/wwh/github/uvm_axil/tb/top_tb.sv", 3: 

*Error* `include file "axil_if.sv" cannot be read
"/home/wwh/github/uvm_axil/tb/top_tb.sv", 6: 

*Error* `include file "axil_tr.sv" cannot be read
"/home/wwh/github/uvm_axil/tb/top_tb.sv", 7: 

*Error* `include file "axil_mon.sv" cannot be read
"/home/wwh/github/uvm_axil/tb/top_tb.sv", 8: 

*Error* `include file "axil_drv.sv" cannot be read
"/home/wwh/github/uvm_axil/tb/top_tb.sv", 9: 

*Error* `include file "axil_seqr.sv" cannot be read
"/home/wwh/github/uvm_axil/tb/top_tb.sv", 10: 

*Error* `include file "axil_agt.sv" cannot be read
"/home/wwh/github/uvm_axil/tb/top_tb.sv", 11: 

*Error* `include file "axil_scb.sv" cannot be read
"/home/wwh/github/uvm_axil/tb/top_tb.sv", 12: 

*Error* `include file "axil_ref.sv" cannot be read
"/home/wwh/github/uvm_axil/tb/top_tb.sv", 13: 

*Error* `include file "axil_env.sv" cannot be read
"/home/wwh/github/uvm_axil/tb/top_tb.sv", 14: 

*Error* `include file "axil_smoke_seq.sv" cannot be read
"/home/wwh/github/uvm_axil/tb/top_tb.sv", 15: 

*Error* `include file "axil_base_test.sv" cannot be read
"/home/wwh/github/uvm_axil/tb/top_tb.sv", 16: 

*Error* `include file "smoke_test.sv" cannot be read
"/home/wwh/github/uvm_axil/tb/top_tb.sv", 17: 

*Error* failed to find the package 'uvm_pkg'.
"/home/wwh/github/uvm_axil/tb/top_tb.sv", 4: 
Highest level modules:
top_tb


*Warning* 'uvm_driver' is not a parameter type.
"/home/wwh/github/uvm_axil/tb/axil_drv.sv", 4: 

*Warning* 'uvm_sequencer' is not a parameter type.
"/home/wwh/github/uvm_axil/tb/axil_seqr.sv", 4: 

*Warning* 'uvm_sequence' is not a parameter type.
"/home/wwh/github/uvm_axil/tb/axil_smoke_seq.sv", 4: 

*Error* failed to find identifier uvm_config_db( virtual axil_if#(32, 16) )::set
"/home/wwh/github/uvm_axil/tb/top_tb.sv", 75: 

*Error* failed to find identifier uvm_config_db( virtual axil_if#(32, 16) )::set
"/home/wwh/github/uvm_axil/tb/top_tb.sv", 76: 

*Error* failed to find identifier uvm_config_db( virtual axil_if#(32, 16) )::set
"/home/wwh/github/uvm_axil/tb/top_tb.sv", 77: 

*Error* failed to find identifier run_test
"/home/wwh/github/uvm_axil/tb/top_tb.sv", 80: 
Total	153 error(s),   20 warning(s)
